Flutter crash report.
Please report a bug at https://github.com/flutter/flutter/issues.

## command

flutter build apk --release

## exception

ProcessException: ProcessException: Process exited abnormally with exit code 1:

FAILURE: Build failed with an exception.

* What went wrong:
Project 'app' not found in root project 'android'.

* Try:
> Run with --stacktrace option to get the stack trace.
> Run with --info or --debug option to get more log output.
> Run with --scan to get full insights.

* Get more help at https://help.gradle.org

BUILD FAILED in 441ms
  Command: /home/aryeh/dev/moodverses/android/gradlew app:tasks --all --console=auto

```
#0      RunResult.throwException (package:flutter_tools/src/base/process.dart:118:5)
#1      _DefaultProcessUtils.run (package:flutter_tools/src/base/process.dart:344:19)
<asynchronous suspension>
#2      flavorUndefinedHandler.<anonymous closure> (package:flutter_tools/src/android/gradle_errors.dart:242:38)
<asynchronous suspension>
#3      AndroidGradleBuilder._runGradleTask (package:flutter_tools/src/android/gradle.dart:368:40)
<asynchronous suspension>
#4      AndroidGradleBuilder.buildGradleApp (package:flutter_tools/src/android/gradle.dart:559:26)
<asynchronous suspension>
#5      AndroidGradleBuilder.buildApk (package:flutter_tools/src/android/gradle.dart:242:5)
<asynchronous suspension>
#6      BuildApkCommand.runCommand (package:flutter_tools/src/commands/build_apk.dart:141:5)
<asynchronous suspension>
#7      FlutterCommand.run.<anonymous closure> (package:flutter_tools/src/runner/flutter_command.dart:1551:27)
<asynchronous suspension>
#8      AppContext.run.<anonymous closure> (package:flutter_tools/src/base/context.dart:154:19)
<asynchronous suspension>
#9      CommandRunner.runCommand (package:args/command_runner.dart:212:13)
<asynchronous suspension>
#10     FlutterCommandRunner.runCommand.<anonymous closure> (package:flutter_tools/src/runner/flutter_command_runner.dart:494:9)
<asynchronous suspension>
#11     AppContext.run.<anonymous closure> (package:flutter_tools/src/base/context.dart:154:19)
<asynchronous suspension>
#12     FlutterCommandRunner.runCommand (package:flutter_tools/src/runner/flutter_command_runner.dart:431:5)
<asynchronous suspension>
#13     run.<anonymous closure>.<anonymous closure> (package:flutter_tools/runner.dart:98:11)
<asynchronous suspension>
#14     AppContext.run.<anonymous closure> (package:flutter_tools/src/base/context.dart:154:19)
<asynchronous suspension>
#15     main (package:flutter_tools/executable.dart:102:3)
<asynchronous suspension>
```

## flutter doctor

```
[32m[✓][39m Flutter (Channel stable, 3.32.0, on Ubuntu
    22.04.5 LTS 6.8.0-60-generic, locale
    en_PH.UTF-8) [99ms]
    [32m•[39m Flutter version 3.32.0 on channel stable
      at /home/aryeh/snap/flutter/common/flutter
    [32m•[39m Upstream repository
      https://github.com/flutter/flutter.git
    [32m•[39m Framework revision be698c48a6 (6 weeks
      ago), 2025-05-19 12:59:14 -0700
    [32m•[39m Engine revision 1881800949
    [32m•[39m Dart version 3.8.0
    [32m•[39m DevTools version 2.45.1

[33m[!][39m Android toolchain - develop for Android
    devices (Android SDK version 35.0.0) [93ms]
    [32m•[39m Android SDK at /home/aryeh/Android/Sdk
    [32m•[39m Platform android-35, build-tools 35.0.0
    [32m•[39m Java binary at: /usr/bin/java
      This JDK was found in the system PATH.
      To manually set the JDK path, use:
      `flutter config --jdk-dir="path/to/jdk"`.
    [32m•[39m Java version OpenJDK Runtime Environment
      (build 17.0.15+6-Ubuntu-0ubuntu122.04)
    [31m✗[39m Android license status unknown.
      Run `flutter doctor --android-licenses` to
      accept the SDK licenses.
      See
      https://flutter.dev/to/linux-android-setup
      for more details.

[32m[✓][39m Chrome - develop for the web [7ms]
    [32m•[39m Chrome at google-chrome

[32m[✓][39m Linux toolchain - develop for Linux desktop
    [733ms]
    [32m•[39m clang version 10.0.0-4ubuntu1
    [32m•[39m cmake version 3.16.3
    [32m•[39m ninja version 1.10.0
    [32m•[39m pkg-config version 0.29.1
    [32m•[39m GL_EXT_framebuffer_blit: no
    [32m•[39m GL_EXT_texture_format_BGRA8888: no

[33m[!][39m Android Studio (not installed) [5ms]
    [32m•[39m Android Studio not found; download from
      https://developer.android.com/studio/index
      .html
      (or visit
      https://flutter.dev/to/linux-android-setup
      for detailed instructions).

[32m[✓][39m VS Code (version unknown) [5ms]
    [32m•[39m VS Code at
      /snap/code/current/usr/share/code
    [32m•[39m Flutter extension can be installed from:
      🔨
      https://marketplace.visualstudio.com/items
      ?itemName=Dart-Code.flutter
    [31m✗[39m Unable to determine VS Code version.

[32m[✓][39m Connected device (2 available) [155ms]
    [32m•[39m Linux (desktop) • linux  • linux-x64
      • Ubuntu 22.04.5 LTS 6.8.0-60-generic
    [32m•[39m Chrome (web)    • chrome • web-javascript
      • Google Chrome 137.0.7151.119

[32m[✓][39m Network resources [332ms]
    [32m•[39m All expected network resources are
      available.

[33m![39m Doctor found issues in 2 categories.
```
